#
# There is insufficient memory for the Java Runtime Environment to continue.
# Native memory allocation (malloc) failed to allocate 32784 bytes. Error detail: Chunk::new
# Possible reasons:
#   The system is out of physical RAM or swap space
#   This process is running with CompressedOops enabled, and the Java Heap may be blocking the growth of the native heap
# Possible solutions:
#   Reduce memory load on the system
#   Increase physical memory or swap space
#   Check if swap backing store is full
#   Decrease Java heap size (-Xmx/-Xms)
#   Decrease number of Java threads
#   Decrease Java thread stack sizes (-Xss)
#   Set larger code cache with -XX:ReservedCodeCacheSize=
#   JVM is running with Unscaled Compressed Oops mode in which the Java heap is
#     placed in the first 4GB address space. The Java Heap base address is the
#     maximum limit for the native heap growth. Please use -XX:HeapBaseMinAddress
#     to set the Java Heap base and to place the Java Heap above 4GB virtual address.
# This output file may be truncated or incomplete.
#
#  Out of Memory Error (arena.cpp:168), pid=29392, tid=41796
#
# JRE version: OpenJDK Runtime Environment Temurin-21.0.9+10 (21.0.9+10) (build 21.0.9+10-LTS)
# Java VM: OpenJDK 64-Bit Server VM Temurin-21.0.9+10 (21.0.9+10-LTS, mixed mode, sharing, tiered, compressed oops, compressed class ptrs, parallel gc, windows-amd64)
# No core dump will be written. Minidumps are not enabled by default on client versions of Windows
#

---------------  S U M M A R Y ------------

Command Line: --add-modules=ALL-SYSTEM --add-opens=java.base/java.util=ALL-UNNAMED --add-opens=java.base/java.lang=ALL-UNNAMED --add-opens=java.base/sun.nio.fs=ALL-UNNAMED -Declipse.application=org.eclipse.jdt.ls.core.id1 -Dosgi.bundles.defaultStartLevel=4 -Declipse.product=org.eclipse.jdt.ls.core.product -Djava.import.generatesMetadataFilesAtProjectRoot=false -DDetectVMInstallationsJob.disabled=true -Dfile.encoding=utf8 -XX:+UseParallelGC -XX:GCTimeRatio=4 -XX:AdaptiveSizePolicyWeight=90 -Dsun.zip.disableMemoryMapping=true -Xmx2G -Xms100m -Xlog:disable -javaagent:c:\Users\saira\.vscode\extensions\redhat.java-1.51.0-win32-x64\lombok\lombok-1.18.39-4050.jar -XX:+HeapDumpOnOutOfMemoryError -XX:HeapDumpPath=c:\Users\saira\AppData\Roaming\Code\User\workspaceStorage\089d1024edf25797a787eb92d401e854\redhat.java -Daether.dependencyCollector.impl=bf c:\Users\saira\.vscode\extensions\redhat.java-1.51.0-win32-x64\server\plugins\org.eclipse.equinox.launcher_1.7.100.v20251111-0406.jar -configuration c:\Users\saira\AppData\Roaming\Code\User\globalStorage\redhat.java\1.51.0\config_win -data c:\Users\saira\AppData\Roaming\Code\User\workspaceStorage\089d1024edf25797a787eb92d401e854\redhat.java\jdt_ws --pipe=\\.\pipe\lsp-cf0085636ccd6acd263c0bea2033e403-sock

Host: Intel(R) Core(TM) Ultra 5 125U, 14 cores, 15G,  Windows 11 , 64 bit Build 26100 (10.0.26100.7309)
Time: Tue Jan 20 09:56:49 2026 India Standard Time elapsed time: 7.780605 seconds (0d 0h 0m 7s)

---------------  T H R E A D  ---------------

Current thread (0x0000014be87ae6e0):  JavaThread "C2 CompilerThread0" daemon [_thread_in_native, id=41796, stack(0x00000035c3f00000,0x00000035c4000000) (1024K)]


Current CompileTask:
C2:7780 2982       4       lombok.patcher.PatchScript::classMatches (41 bytes)

Stack: [0x00000035c3f00000,0x00000035c4000000]
Native frames: (J=compiled Java code, j=interpreted, Vv=VM code, C=native code)
V  [jvm.dll+0x6d6e29]
V  [jvm.dll+0x8b4b76]
V  [jvm.dll+0x8b712e]
V  [jvm.dll+0x8b7813]
V  [jvm.dll+0x283d86]
V  [jvm.dll+0xc66ed]
V  [jvm.dll+0xc6c31]
V  [jvm.dll+0xc6815]
V  [jvm.dll+0x6fe041]
V  [jvm.dll+0x1cf5d3]
V  [jvm.dll+0x70030d]
V  [jvm.dll+0x6f0db7]
V  [jvm.dll+0x6e9399]
V  [jvm.dll+0x6e8a99]
V  [jvm.dll+0x6e6b3e]
V  [jvm.dll+0x1ce18c]
V  [jvm.dll+0x2f9f1c]
V  [jvm.dll+0x6f12e8]
V  [jvm.dll+0x6e9399]
V  [jvm.dll+0x6e8a99]
V  [jvm.dll+0x6e6b3e]
V  [jvm.dll+0x1ce18c]
V  [jvm.dll+0x1ced2e]
V  [jvm.dll+0x2f9f1c]
V  [jvm.dll+0x6f12e8]
V  [jvm.dll+0x6e9399]
V  [jvm.dll+0x6e8a99]
V  [jvm.dll+0x6e6b3e]
V  [jvm.dll+0x1ce18c]
V  [jvm.dll+0x1ced2e]
V  [jvm.dll+0x2f9f1c]
V  [jvm.dll+0x6f12e8]
V  [jvm.dll+0x6e9399]
V  [jvm.dll+0x6e8a99]
V  [jvm.dll+0x6e6b3e]
V  [jvm.dll+0x1ce18c]
V  [jvm.dll+0x2f9f1c]
V  [jvm.dll+0x6f12e8]
V  [jvm.dll+0x6e9399]
V  [jvm.dll+0x6e8a99]
V  [jvm.dll+0x6e6b3e]
V  [jvm.dll+0x1ce18c]
V  [jvm.dll+0x24b129]
V  [jvm.dll+0x1cb13e]
V  [jvm.dll+0x25b29d]
V  [jvm.dll+0x25982a]
V  [jvm.dll+0x3f7ea6]
V  [jvm.dll+0x85e9ad]
V  [jvm.dll+0x6d565d]
C  [ucrtbase.dll+0x37b0]
C  [KERNEL32.DLL+0x2e8d7]
C  [ntdll.dll+0x8c53c]


---------------  P R O C E S S  ---------------

Threads class SMR info:
_java_thread_list=0x0000014beeeb21a0, length=18, elements={
0x0000014bd077cee0, 0x0000014be87a63c0, 0x0000014be722db70, 0x0000014be87a9530,
0x0000014be87aa300, 0x0000014be87ace60, 0x0000014be87ad8b0, 0x0000014be87ae6e0,
0x0000014be88272f0, 0x0000014be89f9000, 0x0000014be8b37ea0, 0x0000014bee6d6a90,
0x0000014bee1110d0, 0x0000014bee5876f0, 0x0000014bee588120, 0x0000014beedb2300,
0x0000014beebbb880, 0x0000014beea45c70
}

Java Threads: ( => current thread )
  0x0000014bd077cee0 JavaThread "main"                              [_thread_blocked, id=40832, stack(0x00000035c3500000,0x00000035c3600000) (1024K)]
  0x0000014be87a63c0 JavaThread "Reference Handler"          daemon [_thread_blocked, id=12968, stack(0x00000035c3900000,0x00000035c3a00000) (1024K)]
  0x0000014be722db70 JavaThread "Finalizer"                  daemon [_thread_blocked, id=42916, stack(0x00000035c3a00000,0x00000035c3b00000) (1024K)]
  0x0000014be87a9530 JavaThread "Signal Dispatcher"          daemon [_thread_blocked, id=11912, stack(0x00000035c3b00000,0x00000035c3c00000) (1024K)]
  0x0000014be87aa300 JavaThread "Attach Listener"            daemon [_thread_blocked, id=47052, stack(0x00000035c3c00000,0x00000035c3d00000) (1024K)]
  0x0000014be87ace60 JavaThread "Service Thread"             daemon [_thread_blocked, id=24572, stack(0x00000035c3d00000,0x00000035c3e00000) (1024K)]
  0x0000014be87ad8b0 JavaThread "Monitor Deflation Thread"   daemon [_thread_blocked, id=5956, stack(0x00000035c3e00000,0x00000035c3f00000) (1024K)]
=>0x0000014be87ae6e0 JavaThread "C2 CompilerThread0"         daemon [_thread_in_native, id=41796, stack(0x00000035c3f00000,0x00000035c4000000) (1024K)]
  0x0000014be88272f0 JavaThread "C1 CompilerThread0"         daemon [_thread_blocked, id=36100, stack(0x00000035c4000000,0x00000035c4100000) (1024K)]
  0x0000014be89f9000 JavaThread "Common-Cleaner"             daemon [_thread_blocked, id=25312, stack(0x00000035c4100000,0x00000035c4200000) (1024K)]
  0x0000014be8b37ea0 JavaThread "Notification Thread"        daemon [_thread_blocked, id=16740, stack(0x00000035c4200000,0x00000035c4300000) (1024K)]
  0x0000014bee6d6a90 JavaThread "Active Thread: Equinox Container: b1201457-39af-446c-b817-cb44914f5440"        [_thread_blocked, id=20912, stack(0x00000035c4400000,0x00000035c4500000) (1024K)]
  0x0000014bee1110d0 JavaThread "Refresh Thread: Equinox Container: b1201457-39af-446c-b817-cb44914f5440" daemon [_thread_blocked, id=38788, stack(0x00000035c4b00000,0x00000035c4c00000) (1024K)]
  0x0000014bee5876f0 JavaThread "Framework Event Dispatcher: Equinox Container: b1201457-39af-446c-b817-cb44914f5440" daemon [_thread_blocked, id=23476, stack(0x00000035c4c00000,0x00000035c4d00000) (1024K)]
  0x0000014bee588120 JavaThread "Start Level: Equinox Container: b1201457-39af-446c-b817-cb44914f5440" daemon [_thread_in_vm, id=22924, stack(0x00000035c4d00000,0x00000035c4e00000) (1024K)]
  0x0000014beedb2300 JavaThread "Bundle File Closer"         daemon [_thread_blocked, id=44348, stack(0x00000035c5300000,0x00000035c5400000) (1024K)]
  0x0000014beebbb880 JavaThread "SCR Component Actor"        daemon [_thread_blocked, id=45572, stack(0x00000035c4e00000,0x00000035c4f00000) (1024K)]
  0x0000014beea45c70 JavaThread "Worker-JM"                         [_thread_blocked, id=23836, stack(0x00000035c5400000,0x00000035c5500000) (1024K)]
Total: 18

Other Threads:
  0x0000014bd083e9a0 VMThread "VM Thread"                           [id=34800, stack(0x00000035c3800000,0x00000035c3900000) (1024K)]
  0x0000014be710ca00 WatcherThread "VM Periodic Task Thread"        [id=24532, stack(0x00000035c3700000,0x00000035c3800000) (1024K)]
  0x0000014bd079b150 WorkerThread "GC Thread#0"                     [id=47996, stack(0x00000035c3600000,0x00000035c3700000) (1024K)]
  0x0000014be8b61e80 WorkerThread "GC Thread#1"                     [id=31816, stack(0x00000035c4500000,0x00000035c4600000) (1024K)]
  0x0000014be8b62220 WorkerThread "GC Thread#2"                     [id=3036, stack(0x00000035c4600000,0x00000035c4700000) (1024K)]
  0x0000014be8b625c0 WorkerThread "GC Thread#3"                     [id=15092, stack(0x00000035c4700000,0x00000035c4800000) (1024K)]
  0x0000014be8b62960 WorkerThread "GC Thread#4"                     [id=13748, stack(0x00000035c4800000,0x00000035c4900000) (1024K)]
  0x0000014bee60d590 WorkerThread "GC Thread#5"                     [id=35632, stack(0x00000035c4900000,0x00000035c4a00000) (1024K)]
  0x0000014bee60d930 WorkerThread "GC Thread#6"                     [id=7048, stack(0x00000035c4a00000,0x00000035c4b00000) (1024K)]
  0x0000014bee857be0 WorkerThread "GC Thread#7"                     [id=38376, stack(0x00000035c4300000,0x00000035c4400000) (1024K)]
  0x0000014beeb136c0 WorkerThread "GC Thread#8"                     [id=10076, stack(0x00000035c5000000,0x00000035c5100000) (1024K)]
  0x0000014bee8bd680 WorkerThread "GC Thread#9"                     [id=23072, stack(0x00000035c5100000,0x00000035c5200000) (1024K)]
  0x0000014bee8bda20 WorkerThread "GC Thread#10"                    [id=29404, stack(0x00000035c5200000,0x00000035c5300000) (1024K)]
Total: 13

Threads with active compile tasks:
C2 CompilerThread0  7831 2982       4       lombok.patcher.PatchScript::classMatches (41 bytes)
Total: 1

VM state: not at safepoint (normal execution)

VM Mutex/Monitor currently owned by a thread: None

Heap address: 0x0000000080000000, size: 2048 MB, Compressed Oops mode: 32-bit

CDS archive(s) mapped at: [0x0000014b80000000-0x0000014b80ba0000-0x0000014b80ba0000), size 12189696, SharedBaseAddress: 0x0000014b80000000, ArchiveRelocationMode: 1.
Compressed class space mapped at: 0x0000014b81000000-0x0000014bc1000000, reserved size: 1073741824
Narrow klass base: 0x0000014b80000000, Narrow klass shift: 0, Narrow klass range: 0x100000000

GC Precious Log:
 CardTable entry size: 512
 CPUs: 14 total, 14 available
 Memory: 15819M
 Large Page Support: Disabled
 NUMA Support: Disabled
 Compressed Oops: Enabled (32-bit)
 Alignments: Space 512K, Generation 512K, Heap 2M
 Heap Min Capacity: 100M
 Heap Initial Capacity: 100M
 Heap Max Capacity: 2G
 Pre-touch: Disabled
 Parallel Workers: 11

Heap:
 PSYoungGen      total 29696K, used 27936K [0x00000000d5580000, 0x00000000d7680000, 0x0000000100000000)
  eden space 25600K, 93% used [0x00000000d5580000,0x00000000d6ccd308,0x00000000d6e80000)
  from space 4096K, 99% used [0x00000000d7280000,0x00000000d767ad70,0x00000000d7680000)
  to   space 4096K, 0% used [0x00000000d6e80000,0x00000000d6e80000,0x00000000d7280000)
 ParOldGen       total 68608K, used 6349K [0x0000000080000000, 0x0000000084300000, 0x00000000d5580000)
  object space 68608K, 9% used [0x0000000080000000,0x0000000080633580,0x0000000084300000)
 Metaspace       used 15357K, committed 15936K, reserved 1114112K
  class space    used 1597K, committed 1856K, reserved 1048576K

Card table byte_map: [0x0000014bd0120000,0x0000014bd0530000] _byte_map_base: 0x0000014bcfd20000

Marking Bits: (ParMarkBitMap*) 0x00007ffcc4fa2460
 Begin Bits: [0x0000014be2c30000, 0x0000014be4c30000)
 End Bits:   [0x0000014be4c30000, 0x0000014be6c30000)

Polling page: 0x0000014bce620000

Metaspace:

Usage:
  Non-class:     13.44 MB used.
      Class:      1.56 MB used.
       Both:     15.00 MB used.

Virtual space:
  Non-class space:       64.00 MB reserved,      13.75 MB ( 21%) committed,  1 nodes.
      Class space:        1.00 GB reserved,       1.81 MB ( <1%) committed,  1 nodes.
             Both:        1.06 GB reserved,      15.56 MB (  1%) committed. 

Chunk freelists:
   Non-Class:  2.22 MB
       Class:  14.02 MB
        Both:  16.23 MB

MaxMetaspaceSize: unlimited
CompressedClassSpaceSize: 1.00 GB
Initial GC threshold: 21.00 MB
Current GC threshold: 21.00 MB
CDS: on
 - commit_granule_bytes: 65536.
 - commit_granule_words: 8192.
 - virtual_space_node_default_size: 8388608.
 - enlarge_chunks_in_place: 1.
 - use_allocation_guard: 0.


Internal statistics:

num_allocs_failed_limit: 0.
num_arena_births: 416.
num_arena_deaths: 0.
num_vsnodes_births: 2.
num_vsnodes_deaths: 0.
num_space_committed: 249.
num_space_uncommitted: 0.
num_chunks_returned_to_freelist: 0.
num_chunks_taken_from_freelist: 934.
num_chunk_merges: 0.
num_chunk_splits: 601.
num_chunks_enlarged: 400.
num_inconsistent_stats: 0.

CodeHeap 'non-profiled nmethods': size=120000Kb used=1317Kb max_used=1317Kb free=118682Kb
 bounds [0x0000014bdb450000, 0x0000014bdb6c0000, 0x0000014be2980000]
CodeHeap 'profiled nmethods': size=120000Kb used=5969Kb max_used=5969Kb free=114030Kb
 bounds [0x0000014bd3980000, 0x0000014bd3f60000, 0x0000014bdaeb0000]
CodeHeap 'non-nmethods': size=5760Kb used=1256Kb max_used=1269Kb free=4503Kb
 bounds [0x0000014bdaeb0000, 0x0000014bdb120000, 0x0000014bdb450000]
CodeCache: size=245760Kb, used=8542Kb, max_used=8555Kb, free=237215Kb
 total_blobs=3534, nmethods=3004, adapters=436, full_count=0
Compilation: enabled, stopped_count=0, restarted_count=0

Compilation events (20 events):
Event: 7.688 Thread 0x0000014be88272f0 2976       3       java.util.Properties::loadConvert (540 bytes)
Event: 7.689 Thread 0x0000014be87ae6e0 2979       4       java.lang.invoke.LambdaForm::uncustomize (57 bytes)
Event: 7.690 Thread 0x0000014be88272f0 nmethod 2976 0x0000014bd3f48690 code [0x0000014bd3f48980, 0x0000014bd3f49c28]
Event: 7.690 Thread 0x0000014be87ae6e0 nmethod 2979 0x0000014bdb597990 code [0x0000014bdb597b20, 0x0000014bdb597bd0]
Event: 7.690 Thread 0x0000014be88272f0 2977       3       jdk.internal.reflect.ReflectionFactory::config (28 bytes)
Event: 7.690 Thread 0x0000014be88272f0 nmethod 2977 0x0000014bd3f4a290 code [0x0000014bd3f4a420, 0x0000014bd3f4a528]
Event: 7.690 Thread 0x0000014be88272f0 2978       3       java.lang.invoke.LambdaFormEditor$TransformKey::packedBytes (37 bytes)
Event: 7.690 Thread 0x0000014be88272f0 nmethod 2978 0x0000014bd3f4a590 code [0x0000014bd3f4a720, 0x0000014bd3f4a830]
Event: 7.690 Thread 0x0000014be88272f0 2980       3       java.util.Arrays::copyOfRange (11 bytes)
Event: 7.690 Thread 0x0000014be88272f0 nmethod 2980 0x0000014bd3f4a890 code [0x0000014bd3f4aa40, 0x0000014bd3f4ab90]
Event: 7.690 Thread 0x0000014be88272f0 2975       3       org.eclipse.osgi.storage.bundlefile.ZipBundleEntry::getName (8 bytes)
Event: 7.690 Thread 0x0000014be88272f0 nmethod 2975 0x0000014bd3f4ac90 code [0x0000014bd3f4ae40, 0x0000014bd3f4b018]
Event: 7.721 Thread 0x0000014be88272f0 2981       1       java.lang.invoke.MethodHandle::internalForm (5 bytes)
Event: 7.721 Thread 0x0000014be88272f0 nmethod 2981 0x0000014bdb597c90 code [0x0000014bdb597e20, 0x0000014bdb597ee8]
Event: 7.730 Thread 0x0000014be87ae6e0 2982       4       lombok.patcher.PatchScript::classMatches (41 bytes)
Event: 7.746 Thread 0x0000014be88272f0 2984       3       java.util.ArrayDeque::addFirst (51 bytes)
Event: 7.746 Thread 0x0000014be88272f0 nmethod 2984 0x0000014bd3f4b110 code [0x0000014bd3f4b300, 0x0000014bd3f4b770]
Event: 7.746 Thread 0x0000014be88272f0 2985       3       java.util.ArrayDeque::dec (13 bytes)
Event: 7.747 Thread 0x0000014be88272f0 nmethod 2985 0x0000014bd3f4b910 code [0x0000014bd3f4baa0, 0x0000014bd3f4bbc8]
Event: 7.778 Thread 0x0000014be88272f0 2986       3       java.lang.invoke.MethodType::dropParameterTypes (162 bytes)

GC Heap History (8 events):
Event: 2.451 GC heap before
{Heap before GC invocations=1 (full 0):
 PSYoungGen      total 29696K, used 25600K [0x00000000d5580000, 0x00000000d7680000, 0x0000000100000000)
  eden space 25600K, 100% used [0x00000000d5580000,0x00000000d6e80000,0x00000000d6e80000)
  from space 4096K, 0% used [0x00000000d7280000,0x00000000d7280000,0x00000000d7680000)
  to   space 4096K, 0% used [0x00000000d6e80000,0x00000000d6e80000,0x00000000d7280000)
 ParOldGen       total 68608K, used 0K [0x0000000080000000, 0x0000000084300000, 0x00000000d5580000)
  object space 68608K, 0% used [0x0000000080000000,0x0000000080000000,0x0000000084300000)
 Metaspace       used 4325K, committed 4544K, reserved 1114112K
  class space    used 472K, committed 576K, reserved 1048576K
}
Event: 2.464 GC heap after
{Heap after GC invocations=1 (full 0):
 PSYoungGen      total 29696K, used 3271K [0x00000000d5580000, 0x00000000d7680000, 0x0000000100000000)
  eden space 25600K, 0% used [0x00000000d5580000,0x00000000d5580000,0x00000000d6e80000)
  from space 4096K, 79% used [0x00000000d6e80000,0x00000000d71b1e98,0x00000000d7280000)
  to   space 4096K, 0% used [0x00000000d7280000,0x00000000d7280000,0x00000000d7680000)
 ParOldGen       total 68608K, used 8K [0x0000000080000000, 0x0000000084300000, 0x00000000d5580000)
  object space 68608K, 0% used [0x0000000080000000,0x0000000080002000,0x0000000084300000)
 Metaspace       used 4325K, committed 4544K, reserved 1114112K
  class space    used 472K, committed 576K, reserved 1048576K
}
Event: 4.104 GC heap before
{Heap before GC invocations=2 (full 0):
 PSYoungGen      total 29696K, used 28871K [0x00000000d5580000, 0x00000000d7680000, 0x0000000100000000)
  eden space 25600K, 100% used [0x00000000d5580000,0x00000000d6e80000,0x00000000d6e80000)
  from space 4096K, 79% used [0x00000000d6e80000,0x00000000d71b1e98,0x00000000d7280000)
  to   space 4096K, 0% used [0x00000000d7280000,0x00000000d7280000,0x00000000d7680000)
 ParOldGen       total 68608K, used 8K [0x0000000080000000, 0x0000000084300000, 0x00000000d5580000)
  object space 68608K, 0% used [0x0000000080000000,0x0000000080002000,0x0000000084300000)
 Metaspace       used 7960K, committed 8256K, reserved 1114112K
  class space    used 831K, committed 960K, reserved 1048576K
}
Event: 4.114 GC heap after
{Heap after GC invocations=2 (full 0):
 PSYoungGen      total 29696K, used 4070K [0x00000000d5580000, 0x00000000d7680000, 0x0000000100000000)
  eden space 25600K, 0% used [0x00000000d5580000,0x00000000d5580000,0x00000000d6e80000)
  from space 4096K, 99% used [0x00000000d7280000,0x00000000d7679800,0x00000000d7680000)
  to   space 4096K, 0% used [0x00000000d6e80000,0x00000000d6e80000,0x00000000d7280000)
 ParOldGen       total 68608K, used 2029K [0x0000000080000000, 0x0000000084300000, 0x00000000d5580000)
  object space 68608K, 2% used [0x0000000080000000,0x00000000801fb6b8,0x0000000084300000)
 Metaspace       used 7960K, committed 8256K, reserved 1114112K
  class space    used 831K, committed 960K, reserved 1048576K
}
Event: 5.125 GC heap before
{Heap before GC invocations=3 (full 0):
 PSYoungGen      total 29696K, used 29670K [0x00000000d5580000, 0x00000000d7680000, 0x0000000100000000)
  eden space 25600K, 100% used [0x00000000d5580000,0x00000000d6e80000,0x00000000d6e80000)
  from space 4096K, 99% used [0x00000000d7280000,0x00000000d7679800,0x00000000d7680000)
  to   space 4096K, 0% used [0x00000000d6e80000,0x00000000d6e80000,0x00000000d7280000)
 ParOldGen       total 68608K, used 2029K [0x0000000080000000, 0x0000000084300000, 0x00000000d5580000)
  object space 68608K, 2% used [0x0000000080000000,0x00000000801fb6b8,0x0000000084300000)
 Metaspace       used 9408K, committed 9728K, reserved 1114112K
  class space    used 1008K, committed 1152K, reserved 1048576K
}
Event: 5.134 GC heap after
{Heap after GC invocations=3 (full 0):
 PSYoungGen      total 29696K, used 4066K [0x00000000d5580000, 0x00000000d7680000, 0x0000000100000000)
  eden space 25600K, 0% used [0x00000000d5580000,0x00000000d5580000,0x00000000d6e80000)
  from space 4096K, 99% used [0x00000000d6e80000,0x00000000d7278910,0x00000000d7280000)
  to   space 4096K, 0% used [0x00000000d7280000,0x00000000d7280000,0x00000000d7680000)
 ParOldGen       total 68608K, used 4979K [0x0000000080000000, 0x0000000084300000, 0x00000000d5580000)
  object space 68608K, 7% used [0x0000000080000000,0x00000000804dce80,0x0000000084300000)
 Metaspace       used 9408K, committed 9728K, reserved 1114112K
  class space    used 1008K, committed 1152K, reserved 1048576K
}
Event: 6.791 GC heap before
{Heap before GC invocations=4 (full 0):
 PSYoungGen      total 29696K, used 29666K [0x00000000d5580000, 0x00000000d7680000, 0x0000000100000000)
  eden space 25600K, 100% used [0x00000000d5580000,0x00000000d6e80000,0x00000000d6e80000)
  from space 4096K, 99% used [0x00000000d6e80000,0x00000000d7278910,0x00000000d7280000)
  to   space 4096K, 0% used [0x00000000d7280000,0x00000000d7280000,0x00000000d7680000)
 ParOldGen       total 68608K, used 4979K [0x0000000080000000, 0x0000000084300000, 0x00000000d5580000)
  object space 68608K, 7% used [0x0000000080000000,0x00000000804dce80,0x0000000084300000)
 Metaspace       used 11742K, committed 12096K, reserved 1114112K
  class space    used 1250K, committed 1408K, reserved 1048576K
}
Event: 6.797 GC heap after
{Heap after GC invocations=4 (full 0):
 PSYoungGen      total 29696K, used 4075K [0x00000000d5580000, 0x00000000d7680000, 0x0000000100000000)
  eden space 25600K, 0% used [0x00000000d5580000,0x00000000d5580000,0x00000000d6e80000)
  from space 4096K, 99% used [0x00000000d7280000,0x00000000d767ad70,0x00000000d7680000)
  to   space 4096K, 0% used [0x00000000d6e80000,0x00000000d6e80000,0x00000000d7280000)
 ParOldGen       total 68608K, used 6349K [0x0000000080000000, 0x0000000084300000, 0x00000000d5580000)
  object space 68608K, 9% used [0x0000000080000000,0x0000000080633580,0x0000000084300000)
 Metaspace       used 11742K, committed 12096K, reserved 1114112K
  class space    used 1250K, committed 1408K, reserved 1048576K
}

Dll operation events (9 events):
Event: 0.101 Loaded shared library c:\Users\saira\.vscode\extensions\redhat.java-1.51.0-win32-x64\jre\21.0.9-win32-x86_64\bin\java.dll
Event: 0.561 Loaded shared library c:\Users\saira\.vscode\extensions\redhat.java-1.51.0-win32-x64\jre\21.0.9-win32-x86_64\bin\zip.dll
Event: 0.617 Loaded shared library C:\Users\saira\.vscode\extensions\redhat.java-1.51.0-win32-x64\jre\21.0.9-win32-x86_64\bin\instrument.dll
Event: 0.655 Loaded shared library C:\Users\saira\.vscode\extensions\redhat.java-1.51.0-win32-x64\jre\21.0.9-win32-x86_64\bin\net.dll
Event: 0.667 Loaded shared library C:\Users\saira\.vscode\extensions\redhat.java-1.51.0-win32-x64\jre\21.0.9-win32-x86_64\bin\nio.dll
Event: 0.673 Loaded shared library C:\Users\saira\.vscode\extensions\redhat.java-1.51.0-win32-x64\jre\21.0.9-win32-x86_64\bin\zip.dll
Event: 0.904 Loaded shared library C:\Users\saira\.vscode\extensions\redhat.java-1.51.0-win32-x64\jre\21.0.9-win32-x86_64\bin\jimage.dll
Event: 1.218 Loaded shared library c:\Users\saira\.vscode\extensions\redhat.java-1.51.0-win32-x64\jre\21.0.9-win32-x86_64\bin\verify.dll
Event: 4.153 Loaded shared library C:\Users\saira\AppData\Roaming\Code\User\globalStorage\redhat.java\1.51.0\config_win\org.eclipse.equinox.launcher\org.eclipse.equinox.launcher.win32.win32.x86_64_1.2.1400.v20250801-0854\eclipse_11916.dll

Deoptimization events (20 events):
Event: 7.455 Thread 0x0000014bee588120 DEOPT PACKING pc=0x0000014bd3d6f8d6 sp=0x00000035c4df76e0
Event: 7.455 Thread 0x0000014bee588120 DEOPT UNPACKING pc=0x0000014bdaf04242 sp=0x00000035c4df6bf0 mode 0
Event: 7.548 Thread 0x0000014bee588120 Uncommon trap: trap_request=0xffffff45 fr.pc=0x0000014bdb4a6408 relative=0x0000000000000f48
Event: 7.548 Thread 0x0000014bee588120 Uncommon trap: reason=unstable_if action=reinterpret pc=0x0000014bdb4a6408 method=lombok.patcher.PatchScript.classMatches(Ljava/lang/String;Ljava/util/Collection;)Z @ 25 c2
Event: 7.548 Thread 0x0000014bee588120 DEOPT PACKING pc=0x0000014bdb4a6408 sp=0x00000035c4df6b40
Event: 7.548 Thread 0x0000014bee588120 DEOPT UNPACKING pc=0x0000014bdaf03aa2 sp=0x00000035c4df6b00 mode 2
Event: 7.550 Thread 0x0000014bee588120 DEOPT PACKING pc=0x0000014bd3bb7d8d sp=0x00000035c4df5eb0
Event: 7.550 Thread 0x0000014bee588120 DEOPT UNPACKING pc=0x0000014bdaf04242 sp=0x00000035c4df5360 mode 0
Event: 7.553 Thread 0x0000014bee588120 Uncommon trap: trap_request=0xffffff45 fr.pc=0x0000014bdb55c0dc relative=0x00000000000003dc
Event: 7.553 Thread 0x0000014bee588120 Uncommon trap: reason=unstable_if action=reinterpret pc=0x0000014bdb55c0dc method=java.util.regex.Pattern$BmpCharPropertyGreedy.match(Ljava/util/regex/Matcher;ILjava/lang/CharSequence;)Z @ 73 c2
Event: 7.553 Thread 0x0000014bee588120 DEOPT PACKING pc=0x0000014bdb55c0dc sp=0x00000035c4df5ba0
Event: 7.553 Thread 0x0000014bee588120 DEOPT UNPACKING pc=0x0000014bdaf03aa2 sp=0x00000035c4df5b60 mode 2
Event: 7.687 Thread 0x0000014bee588120 Uncommon trap: trap_request=0xffffff45 fr.pc=0x0000014bdb54fb78 relative=0x0000000000001158
Event: 7.687 Thread 0x0000014bee588120 Uncommon trap: reason=unstable_if action=reinterpret pc=0x0000014bdb54fb78 method=java.util.Properties.loadConvert([CIILjava/lang/StringBuilder;)Ljava/lang/String; @ 491 c2
Event: 7.687 Thread 0x0000014bee588120 DEOPT PACKING pc=0x0000014bdb54fb78 sp=0x00000035c4df78d0
Event: 7.687 Thread 0x0000014bee588120 DEOPT UNPACKING pc=0x0000014bdaf03aa2 sp=0x00000035c4df78c0 mode 2
Event: 7.778 Thread 0x0000014bee588120 Uncommon trap: trap_request=0xffffff45 fr.pc=0x0000014bdb4f4754 relative=0x00000000000000b4
Event: 7.778 Thread 0x0000014bee588120 Uncommon trap: reason=unstable_if action=reinterpret pc=0x0000014bdb4f4754 method=org.eclipse.osgi.container.ModuleRevisionBuilder.unmodifiableMap(Ljava/util/Map;)Ljava/util/Map; @ 27 c2
Event: 7.778 Thread 0x0000014bee588120 DEOPT PACKING pc=0x0000014bdb4f4754 sp=0x00000035c4df96c0
Event: 7.778 Thread 0x0000014bee588120 DEOPT UNPACKING pc=0x0000014bdaf03aa2 sp=0x00000035c4df9640 mode 2

Classes loaded (20 events):
Event: 7.587 Loading class java/io/ObjectStreamConstants done
Event: 7.587 Loading class java/io/ObjectInputStream done
Event: 7.587 Loading class java/io/ObjectOutputStream
Event: 7.587 Loading class java/io/ObjectOutput
Event: 7.587 Loading class java/io/ObjectOutput done
Event: 7.587 Loading class java/io/ObjectOutputStream done
Event: 7.588 Loading class java/lang/constant/ClassDesc
Event: 7.588 Loading class java/lang/constant/ClassDesc done
Event: 7.589 Loading class jdk/internal/vm/annotation/ForceInline
Event: 7.589 Loading class jdk/internal/vm/annotation/ForceInline done
Event: 7.685 Loading class java/lang/IllegalCallerException
Event: 7.685 Loading class java/lang/IllegalCallerException done
Event: 7.690 Loading class java/lang/invoke/DirectMethodHandle$1
Event: 7.690 Loading class java/lang/invoke/DirectMethodHandle$1 done
Event: 7.724 Loading class java/text/MessageFormat
Event: 7.725 Loading class java/text/MessageFormat done
Event: 7.730 Loading class java/text/FieldPosition$Delegate
Event: 7.731 Loading class java/text/FieldPosition$Delegate done
Event: 7.732 Loading class java/text/MessageFormat$Field
Event: 7.732 Loading class java/text/MessageFormat$Field done

Classes unloaded (0 events):
No events

Classes redefined (0 events):
No events

Internal exceptions (20 events):
Event: 3.627 Thread 0x0000014bd077cee0 Exception <a 'java/lang/ClassNotFoundException'{0x00000000d6a207c0}: sun/net/www/protocol/plurl/Handler> (0x00000000d6a207c0) 
thrown [s\src\hotspot\share\classfile\systemDictionary.cpp, line 312]
Event: 3.627 Thread 0x0000014bd077cee0 Exception <a 'java/lang/ClassNotFoundException'{0x00000000d6a21640}: sun/net/www/protocol/plurl/Handler> (0x00000000d6a21640) 
thrown [s\src\hotspot\share\classfile\systemDictionary.cpp, line 312]
Event: 4.124 Thread 0x0000014bd077cee0 Exception <a 'java/lang/UnsatisfiedLinkError'{0x00000000d55b9388}: 'void org.eclipse.equinox.launcher.JNIBridge._update_splash()'> (0x00000000d55b9388) 
thrown [s\src\hotspot\share\prims\nativeLookup.cpp, line 415]
Event: 4.251 Thread 0x0000014bee1110d0 Exception <a 'java/lang/NoSuchMethodError'{0x00000000d5867cf0}: 'void java.lang.invoke.DirectMethodHandle$Holder.invokeInterface(java.lang.Object, java.lang.Object, java.lang.Object)'> (0x00000000d5867cf0) 
thrown [s\src\hotspot\share\interpreter\linkResolver.cpp, line 773]
Event: 4.542 Thread 0x0000014bee588120 Exception <a 'java/lang/NoSuchMethodError'{0x00000000d5c1bfc0}: 'java.lang.Object java.lang.invoke.DirectMethodHandle$Holder.newInvokeSpecial(java.lang.Object, java.lang.Object, int, java.lang.Object)'> (0x00000000d5c1bfc0) 
thrown [s\src\hotspot\share\interpreter\linkResolver.cpp, line 773]
Event: 4.543 Thread 0x0000014bee588120 Exception <a 'java/lang/NoSuchMethodError'{0x00000000d5c1fdf0}: 'java.lang.Object java.lang.invoke.DirectMethodHandle$Holder.invokeSpecial(java.lang.Object, java.lang.Object, java.lang.Object, int, java.lang.Object)'> (0x00000000d5c1fdf0) 
thrown [s\src\hotspot\share\interpreter\linkResolver.cpp, line 773]
Event: 4.573 Thread 0x0000014bee588120 Exception <a 'java/lang/NoClassDefFoundError'{0x00000000d5cc67c8}: jakarta/servlet/ServletContainerInitializer> (0x00000000d5cc67c8) 
thrown [s\src\hotspot\share\classfile\systemDictionary.cpp, line 301]
Event: 4.628 Thread 0x0000014bee588120 Exception <a 'java/lang/ClassNotFoundException'{0x00000000d5e1b958}: sun/util/logging/resources/spi/loggingProvider> (0x00000000d5e1b958) 
thrown [s\src\hotspot\share\classfile\systemDictionary.cpp, line 312]
Event: 5.936 Thread 0x0000014bee588120 Exception <a 'java/lang/NullPointerException'{0x00000000d6641300}> (0x00000000d6641300) 
thrown [s\src\hotspot\share\interpreter\linkResolver.cpp, line 1372]
Event: 5.936 Thread 0x0000014bee588120 Exception <a 'java/lang/NullPointerException'{0x00000000d66415e0}> (0x00000000d66415e0) 
thrown [s\src\hotspot\share\interpreter\linkResolver.cpp, line 1372]
Event: 6.939 Thread 0x0000014bee588120 Exception <a 'java/lang/NoSuchMethodError'{0x00000000d57136a8}: 'long java.lang.invoke.DirectMethodHandle$Holder.invokeSpecial(java.lang.Object, java.lang.Object)'> (0x00000000d57136a8) 
thrown [s\src\hotspot\share\interpreter\linkResolver.cpp, line 773]
Event: 7.016 Thread 0x0000014bee588120 Exception <a 'java/io/FileNotFoundException'{0x00000000d59668c8}> (0x00000000d59668c8) 
thrown [s\src\hotspot\share\prims\jni.cpp, line 520]
Event: 7.340 Thread 0x0000014bee588120 Exception <a 'java/lang/NoSuchMethodError'{0x00000000d5e609d0}: 'java.lang.Object java.lang.invoke.Invokers$Holder.linkToTargetMethod(java.lang.Object, long, java.lang.Object)'> (0x00000000d5e609d0) 
thrown [s\src\hotspot\share\interpreter\linkResolver.cpp, line 773]
Event: 7.458 Thread 0x0000014bee588120 Exception <a 'java/lang/NoSuchMethodError'{0x00000000d63910b0}: 'void java.lang.invoke.Invokers$Holder.invokeExact_MT(java.lang.Object, java.lang.Object, java.lang.Object)'> (0x00000000d63910b0) 
thrown [s\src\hotspot\share\interpreter\linkResolver.cpp, line 773]
Event: 7.598 Thread 0x0000014bee588120 Exception <a 'java/lang/NoSuchMethodError'{0x00000000d66b1f08}: 'java.lang.Object java.lang.invoke.DirectMethodHandle$Holder.invokeVirtual(java.lang.Object, java.lang.Object, java.lang.Object)'> (0x00000000d66b1f08) 
thrown [s\src\hotspot\share\interpreter\linkResolver.cpp, line 773]
Event: 7.600 Thread 0x0000014bee588120 Exception <a 'java/lang/NoSuchMethodError'{0x00000000d66ca2a0}: 'java.lang.Object java.lang.invoke.DelegatingMethodHandle$Holder.reinvoke_L(java.lang.Object, java.lang.Object, java.lang.Object, java.lang.Object, int, int)'> (0x00000000d66ca2a0) 
thrown [s\src\hotspot\share\interpreter\linkResolver.cpp, line 773]
Event: 7.604 Thread 0x0000014bee588120 Exception <a 'java/lang/NoSuchMethodError'{0x00000000d66e6e98}: 'java.lang.Object java.lang.invoke.DirectMethodHandle$Holder.newInvokeSpecial(java.lang.Object, java.lang.Object, java.lang.Object, java.lang.Object, java.lang.Object, java.lang.Object)'> (0x00000000d66e6e98) 
thrown [s\src\hotspot\share\interpreter\linkResolver.cpp, line 773]
Event: 7.608 Thread 0x0000014bee588120 Exception <a 'java/lang/NoSuchMethodError'{0x00000000d6713330}: 'void java.lang.invoke.Invokers$Holder.invokeExact_MT(java.lang.Object, java.lang.Object, java.lang.Object, java.lang.Object)'> (0x00000000d6713330) 
thrown [s\src\hotspot\share\interpreter\linkResolver.cpp, line 773]
Event: 7.737 Thread 0x0000014bee588120 Exception <a 'java/io/FileNotFoundException'{0x00000000d69f09c0}> (0x00000000d69f09c0) 
thrown [s\src\hotspot\share\prims\jni.cpp, line 520]
Event: 7.739 Thread 0x0000014bee588120 Exception <a 'java/io/FileNotFoundException'{0x00000000d6a048c0}> (0x00000000d6a048c0) 
thrown [s\src\hotspot\share\prims\jni.cpp, line 520]

ZGC Phase Switch (0 events):
No events

VM Operations (20 events):
Event: 3.613 Executing VM operation: HandshakeAllThreads (Deoptimize)
Event: 3.613 Executing VM operation: HandshakeAllThreads (Deoptimize) done
Event: 4.104 Executing VM operation: ParallelGCFailedAllocation (Allocation Failure)
Event: 4.114 Executing VM operation: ParallelGCFailedAllocation (Allocation Failure) done
Event: 4.609 Executing VM operation: HandshakeAllThreads (Deoptimize)
Event: 4.609 Executing VM operation: HandshakeAllThreads (Deoptimize) done
Event: 4.655 Executing VM operation: HandshakeAllThreads (Deoptimize)
Event: 4.655 Executing VM operation: HandshakeAllThreads (Deoptimize) done
Event: 4.704 Executing VM operation: HandshakeAllThreads (Deoptimize)
Event: 4.704 Executing VM operation: HandshakeAllThreads (Deoptimize) done
Event: 4.770 Executing VM operation: HandshakeAllThreads (Deoptimize)
Event: 4.770 Executing VM operation: HandshakeAllThreads (Deoptimize) done
Event: 5.125 Executing VM operation: ParallelGCFailedAllocation (Allocation Failure)
Event: 5.134 Executing VM operation: ParallelGCFailedAllocation (Allocation Failure) done
Event: 6.135 Executing VM operation: Cleanup
Event: 6.151 Executing VM operation: Cleanup done
Event: 6.504 Executing VM operation: HandshakeAllThreads (Deoptimize)
Event: 6.504 Executing VM operation: HandshakeAllThreads (Deoptimize) done
Event: 6.791 Executing VM operation: ParallelGCFailedAllocation (Allocation Failure)
Event: 6.797 Executing VM operation: ParallelGCFailedAllocation (Allocation Failure) done

Memory protections (0 events):
No events

Nmethod flushes (0 events):
No events

Events (20 events):
Event: 2.904 Thread 0x0000014be8b390f0 Thread exited: 0x0000014be8b390f0
Event: 2.940 Thread 0x0000014be88272f0 Thread added: 0x0000014bee111160
Event: 3.037 Thread 0x0000014be88272f0 Thread added: 0x0000014bee45bb90
Event: 3.440 Thread 0x0000014bee45bb90 Thread exited: 0x0000014bee45bb90
Event: 3.498 Thread 0x0000014bd077cee0 Thread added: 0x0000014bee6d6a90
Event: 4.054 Thread 0x0000014bee111160 Thread exited: 0x0000014bee111160
Event: 4.120 Thread 0x0000014bd077cee0 Thread added: 0x0000014bee1110d0
Event: 4.263 Thread 0x0000014bee1110d0 Thread added: 0x0000014bee5876f0
Event: 4.284 Thread 0x0000014bd077cee0 Thread added: 0x0000014bee588120
Event: 4.775 Thread 0x0000014be88272f0 Thread added: 0x0000014bee8e3770
Event: 4.777 Thread 0x0000014be88272f0 Thread added: 0x0000014bee8d5cb0
Event: 5.258 Thread 0x0000014bee588120 Thread added: 0x0000014beedb2300
Event: 5.793 Thread 0x0000014bee8d5cb0 Thread exited: 0x0000014bee8d5cb0
Event: 5.794 Thread 0x0000014bee8e3770 Thread exited: 0x0000014bee8e3770
Event: 6.314 Thread 0x0000014bee588120 Thread added: 0x0000014beebbb880
Event: 6.958 Thread 0x0000014be88272f0 Thread added: 0x0000014beeac6020
Event: 6.959 Thread 0x0000014be88272f0 Thread added: 0x0000014beebfac10
Event: 7.358 Thread 0x0000014beebfac10 Thread exited: 0x0000014beebfac10
Event: 7.415 Thread 0x0000014bee588120 Thread added: 0x0000014beea45c70
Event: 7.459 Thread 0x0000014beeac6020 Thread exited: 0x0000014beeac6020


Dynamic libraries:
0x00007ff767a50000 - 0x00007ff767a5e000 	c:\Users\saira\.vscode\extensions\redhat.java-1.51.0-win32-x64\jre\21.0.9-win32-x86_64\bin\java.exe
0x00007ffd81720000 - 0x00007ffd81987000 	C:\WINDOWS\SYSTEM32\ntdll.dll
0x00007ffd80320000 - 0x00007ffd803e9000 	C:\WINDOWS\System32\KERNEL32.DLL
0x00007ffd7ebd0000 - 0x00007ffd7efbf000 	C:\WINDOWS\System32\KERNELBASE.dll
0x00007ffd7f370000 - 0x00007ffd7f4bb000 	C:\WINDOWS\System32\ucrtbase.dll
0x00007ffd60520000 - 0x00007ffd60538000 	c:\Users\saira\.vscode\extensions\redhat.java-1.51.0-win32-x64\jre\21.0.9-win32-x86_64\bin\jli.dll
0x00007ffd80cb0000 - 0x00007ffd80e75000 	C:\WINDOWS\System32\USER32.dll
0x00007ffd7efd0000 - 0x00007ffd7eff7000 	C:\WINDOWS\System32\win32u.dll
0x00007ffd803f0000 - 0x00007ffd8041b000 	C:\WINDOWS\System32\GDI32.dll
0x00007ffd7f180000 - 0x00007ffd7f2ac000 	C:\WINDOWS\System32\gdi32full.dll
0x00007ffd7eb20000 - 0x00007ffd7ebc3000 	C:\WINDOWS\System32\msvcp_win.dll
0x00007ffd60420000 - 0x00007ffd6043e000 	c:\Users\saira\.vscode\extensions\redhat.java-1.51.0-win32-x64\jre\21.0.9-win32-x86_64\bin\VCRUNTIME140.dll
0x00007ffd57e80000 - 0x00007ffd58113000 	C:\WINDOWS\WinSxS\amd64_microsoft.windows.common-controls_6595b64144ccf1df_6.0.26100.7309_none_3e05feeae336a044\COMCTL32.dll
0x00007ffd80720000 - 0x00007ffd807c9000 	C:\WINDOWS\System32\msvcrt.dll
0x00007ffd80bc0000 - 0x00007ffd80bf1000 	C:\WINDOWS\System32\IMM32.DLL
0x00007ffd7b480000 - 0x00007ffd7b48c000 	c:\Users\saira\.vscode\extensions\redhat.java-1.51.0-win32-x64\jre\21.0.9-win32-x86_64\bin\vcruntime140_1.dll
0x00007ffd0d4e0000 - 0x00007ffd0d56d000 	c:\Users\saira\.vscode\extensions\redhat.java-1.51.0-win32-x64\jre\21.0.9-win32-x86_64\bin\msvcp140.dll
0x00007ffcc42e0000 - 0x00007ffcc5080000 	c:\Users\saira\.vscode\extensions\redhat.java-1.51.0-win32-x64\jre\21.0.9-win32-x86_64\bin\server\jvm.dll
0x00007ffd807d0000 - 0x00007ffd80884000 	C:\WINDOWS\System32\ADVAPI32.dll
0x00007ffd80c00000 - 0x00007ffd80ca6000 	C:\WINDOWS\System32\sechost.dll
0x00007ffd80890000 - 0x00007ffd809a8000 	C:\WINDOWS\System32\RPCRT4.dll
0x00007ffd80b40000 - 0x00007ffd80bb4000 	C:\WINDOWS\System32\WS2_32.dll
0x00007ffd7e6d0000 - 0x00007ffd7e72e000 	C:\WINDOWS\SYSTEM32\POWRPROF.dll
0x00007ffd6d190000 - 0x00007ffd6d1c5000 	C:\WINDOWS\SYSTEM32\WINMM.dll
0x00007ffd6de20000 - 0x00007ffd6de2b000 	C:\WINDOWS\SYSTEM32\VERSION.dll
0x00007ffd7e6b0000 - 0x00007ffd7e6c4000 	C:\WINDOWS\SYSTEM32\UMPDC.dll
0x00007ffd7d620000 - 0x00007ffd7d63b000 	C:\WINDOWS\SYSTEM32\kernel.appcore.dll
0x00007ffd6d1d0000 - 0x00007ffd6d1da000 	c:\Users\saira\.vscode\extensions\redhat.java-1.51.0-win32-x64\jre\21.0.9-win32-x86_64\bin\jimage.dll
0x00007ffd7c050000 - 0x00007ffd7c292000 	C:\WINDOWS\SYSTEM32\DBGHELP.DLL
0x00007ffd7fd30000 - 0x00007ffd800b5000 	C:\WINDOWS\System32\combase.dll
0x00007ffd805a0000 - 0x00007ffd80676000 	C:\WINDOWS\System32\OLEAUT32.dll
0x00007ffd521a0000 - 0x00007ffd521dc000 	C:\WINDOWS\SYSTEM32\dbgcore.DLL
0x00007ffd7e870000 - 0x00007ffd7e915000 	C:\WINDOWS\System32\bcryptPrimitives.dll
0x00007ffd608b0000 - 0x00007ffd608bf000 	c:\Users\saira\.vscode\extensions\redhat.java-1.51.0-win32-x64\jre\21.0.9-win32-x86_64\bin\instrument.dll
0x00007ffd4da40000 - 0x00007ffd4da60000 	c:\Users\saira\.vscode\extensions\redhat.java-1.51.0-win32-x64\jre\21.0.9-win32-x86_64\bin\java.dll
0x00007ffd80f80000 - 0x00007ffd816d3000 	C:\WINDOWS\System32\SHELL32.dll
0x00007ffd7e9b0000 - 0x00007ffd7eb1a000 	C:\WINDOWS\System32\wintypes.dll
0x00007ffd7c450000 - 0x00007ffd7ccae000 	C:\WINDOWS\SYSTEM32\windows.storage.dll
0x00007ffd80e80000 - 0x00007ffd80f75000 	C:\WINDOWS\System32\SHCORE.dll
0x00007ffd806a0000 - 0x00007ffd80706000 	C:\WINDOWS\System32\shlwapi.dll
0x00007ffd7e790000 - 0x00007ffd7e7b9000 	C:\WINDOWS\SYSTEM32\profapi.dll
0x00007ffd4d9f0000 - 0x00007ffd4da08000 	c:\Users\saira\.vscode\extensions\redhat.java-1.51.0-win32-x64\jre\21.0.9-win32-x86_64\bin\zip.dll
0x00007ffd604a0000 - 0x00007ffd604b0000 	C:\Users\saira\.vscode\extensions\redhat.java-1.51.0-win32-x64\jre\21.0.9-win32-x86_64\bin\net.dll
0x00007ffd78090000 - 0x00007ffd781b8000 	C:\WINDOWS\SYSTEM32\WINHTTP.dll
0x00007ffd7db90000 - 0x00007ffd7dbfb000 	C:\WINDOWS\system32\mswsock.dll
0x00007ffd4c090000 - 0x00007ffd4c0a6000 	C:\Users\saira\.vscode\extensions\redhat.java-1.51.0-win32-x64\jre\21.0.9-win32-x86_64\bin\nio.dll
0x00007ffd5c880000 - 0x00007ffd5c890000 	c:\Users\saira\.vscode\extensions\redhat.java-1.51.0-win32-x64\jre\21.0.9-win32-x86_64\bin\verify.dll
0x00007ffd296a0000 - 0x00007ffd296e4000 	C:\Users\saira\AppData\Roaming\Code\User\globalStorage\redhat.java\1.51.0\config_win\org.eclipse.equinox.launcher\org.eclipse.equinox.launcher.win32.win32.x86_64_1.2.1400.v20250801-0854\eclipse_11916.dll
0x00007ffd7fa20000 - 0x00007ffd7fbb7000 	C:\WINDOWS\System32\ole32.dll

JVMTI agents:
c:\Users\saira\.vscode\extensions\redhat.java-1.51.0-win32-x64\lombok\lombok-1.18.39-4050.jar path:c:\Users\saira\.vscode\extensions\redhat.java-1.51.0-win32-x64\jre\21.0.9-win32-x86_64\bin\instrument.dll, loaded, initialized, instrumentlib options:none

dbghelp: loaded successfully - version: 4.0.5 - missing functions: none
symbol engine: initialized successfully - sym options: 0x614 - pdb path: .;c:\Users\saira\.vscode\extensions\redhat.java-1.51.0-win32-x64\jre\21.0.9-win32-x86_64\bin;C:\WINDOWS\SYSTEM32;C:\WINDOWS\WinSxS\amd64_microsoft.windows.common-controls_6595b64144ccf1df_6.0.26100.7309_none_3e05feeae336a044;c:\Users\saira\.vscode\extensions\redhat.java-1.51.0-win32-x64\jre\21.0.9-win32-x86_64\bin\server;C:\Users\saira\AppData\Roaming\Code\User\globalStorage\redhat.java\1.51.0\config_win\org.eclipse.equinox.launcher\org.eclipse.equinox.launcher.win32.win32.x86_64_1.2.1400.v20250801-0854

VM Arguments:
jvm_args: --add-modules=ALL-SYSTEM --add-opens=java.base/java.util=ALL-UNNAMED --add-opens=java.base/java.lang=ALL-UNNAMED --add-opens=java.base/sun.nio.fs=ALL-UNNAMED -Declipse.application=org.eclipse.jdt.ls.core.id1 -Dosgi.bundles.defaultStartLevel=4 -Declipse.product=org.eclipse.jdt.ls.core.product -Djava.import.generatesMetadataFilesAtProjectRoot=false -DDetectVMInstallationsJob.disabled=true -Dfile.encoding=utf8 -XX:+UseParallelGC -XX:GCTimeRatio=4 -XX:AdaptiveSizePolicyWeight=90 -Dsun.zip.disableMemoryMapping=true -Xmx2G -Xms100m -Xlog:disable -javaagent:c:\Users\saira\.vscode\extensions\redhat.java-1.51.0-win32-x64\lombok\lombok-1.18.39-4050.jar -XX:+HeapDumpOnOutOfMemoryError -XX:HeapDumpPath=c:\Users\saira\AppData\Roaming\Code\User\workspaceStorage\089d1024edf25797a787eb92d401e854\redhat.java -Daether.dependencyCollector.impl=bf 
java_command: c:\Users\saira\.vscode\extensions\redhat.java-1.51.0-win32-x64\server\plugins\org.eclipse.equinox.launcher_1.7.100.v20251111-0406.jar -configuration c:\Users\saira\AppData\Roaming\Code\User\globalStorage\redhat.java\1.51.0\config_win -data c:\Users\saira\AppData\Roaming\Code\User\workspaceStorage\089d1024edf25797a787eb92d401e854\redhat.java\jdt_ws --pipe=\\.\pipe\lsp-cf0085636ccd6acd263c0bea2033e403-sock
java_class_path (initial): c:\Users\saira\.vscode\extensions\redhat.java-1.51.0-win32-x64\server\plugins\org.eclipse.equinox.launcher_1.7.100.v20251111-0406.jar
Launcher Type: SUN_STANDARD

[Global flags]
    uintx AdaptiveSizePolicyWeight                 = 90                                        {product} {command line}
     intx CICompilerCount                          = 4                                         {product} {ergonomic}
    uintx GCTimeRatio                              = 4                                         {product} {command line}
     bool HeapDumpOnOutOfMemoryError               = true                                   {manageable} {command line}
    ccstr HeapDumpPath                             = c:\Users\saira\AppData\Roaming\Code\User\workspaceStorage\089d1024edf25797a787eb92d401e854\redhat.java         {manageable} {command line}
   size_t InitialHeapSize                          = 104857600                                 {product} {command line}
   size_t MaxHeapSize                              = 2147483648                                {product} {command line}
   size_t MaxNewSize                               = 715653120                                 {product} {ergonomic}
   size_t MinHeapDeltaBytes                        = 524288                                    {product} {ergonomic}
   size_t MinHeapSize                              = 104857600                                 {product} {command line}
   size_t NewSize                                  = 34603008                                  {product} {ergonomic}
    uintx NonNMethodCodeHeapSize                   = 5839372                                {pd product} {ergonomic}
    uintx NonProfiledCodeHeapSize                  = 122909434                              {pd product} {ergonomic}
   size_t OldSize                                  = 70254592                                  {product} {ergonomic}
    uintx ProfiledCodeHeapSize                     = 122909434                              {pd product} {ergonomic}
    uintx ReservedCodeCacheSize                    = 251658240                              {pd product} {ergonomic}
     bool SegmentedCodeCache                       = true                                      {product} {ergonomic}
   size_t SoftMaxHeapSize                          = 2147483648                             {manageable} {ergonomic}
     bool UseCompressedOops                        = true                           {product lp64_product} {ergonomic}
     bool UseLargePagesIndividualAllocation        = false                                  {pd product} {ergonomic}
     bool UseParallelGC                            = true                                      {product} {command line}

Logging:
Log output configuration:
 #0: stdout all=off uptime,level,tags foldmultilines=false
 #1: stderr all=off uptime,level,tags foldmultilines=false

Release file:
JAVA_VERSION="21.0.9" 
MODULES="java.base java.compiler java.datatransfer java.xml java.prefs java.desktop java.instrument java.logging java.management java.security.sasl java.naming java.rmi java.management.rmi java.net.http java.scripting java.security.jgss java.transaction.xa java.sql java.sql.rowset java.xml.crypto java.se java.smartcardio jdk.accessibility jdk.internal.jvmstat jdk.attach jdk.charsets jdk.internal.opt jdk.zipfs jdk.compiler jdk.crypto.ec jdk.crypto.cryptoki jdk.crypto.mscapi jdk.dynalink jdk.internal.ed jdk.editpad jdk.hotspot.agent jdk.httpserver jdk.internal.le jdk.internal.vm.ci jdk.internal.vm.compiler jdk.internal.vm.compiler.management jdk.jartool jdk.javadoc jdk.jcmd jdk.management jdk.management.agent jdk.jconsole jdk.jdeps jdk.jdwp.agent jdk.jdi jdk.jfr jdk.jshell jdk.jsobject jdk.jstatd jdk.localedata jdk.management.jfr jdk.naming.dns jdk.naming.rmi jdk.net jdk.nio.mapmode jdk.random jdk.sctp jdk.security.auth jdk.security.jgss jdk.unsupported jdk.unsupported.desktop jdk.xml.dom" 

Environment Variables:
JAVA_HOME=C:\Program Files\Java\jdk1.8.0_202
PATH=C:\Program Files (x86)\Common Files\Oracle\Java\java8path;C:\Program Files (x86)\Common Files\Oracle\Java\javapath;C:\Program Files\Eclipse Adoptium\jdk-21.0.5.11-hotspot\bin;C:\WINDOWS\system32;C:\WINDOWS;C:\WINDOWS\System32\Wbem;C:\WINDOWS\System32\WindowsPowerShell\v1.0\;C:\WINDOWS\System32\OpenSSH\;C:\Program Files\MongoDB\Server\8.0\bin;C:\Program Files\Java\jdk1.8.0_202\bin;C:\ProgramData\chocolatey\bin;C:\Users\saira\AppData\Local\Programs\Python\Python313;C:\Users\saira\AppData\Local\Programs\Python\Python313\Scripts;C:\xampp\php;C:\ProgramData\ComposerSetup\bin;C:\Program Files\Git\cmd;c:\Users\saira\AppData\Local\Programs\cursor\resources\app\bin;c:\Users\saira\AppData\Local\Programs\cursor\resources\app\bin;C:\Program Files\CMake\bin;C:\Program Files\dotnet\;C:\Program Files\nodejs\;D:\cursor\resources\app\bin;C:\Users\saira\AppData\Local\Programs\Python\Python310\Scripts\;C:\Users\saira\AppData\Local\Programs\Python\Python310\;C:\Users\saira\AppData\Local\Programs\Python\Python313\Scripts\;C:\Users\saira\AppData\Local\Programs\Python\Python313\;C:\Users\saira\AppData\Local\Programs\Python\Launcher\;C:\Users\saira\AppData\Local\Programs\Python\Python311\Scripts\;C:\Users\saira\AppData\Local\Programs\Python\Python311\;C:\Users\saira\AppData\Local\Microsoft\WindowsApps;C:\Users\saira\AppData\Local\Programs\Microsoft VS Code\bin;C:\ProgramData\ComposerSetup\bin;C:\Users\saira\AppData\Local\Programs\Windsurf\bin;C:\Program Files\nodejs\;C:\Users\saira\.dotnet\tools;C:\Users\saira\AppData\Roaming\npm;C:\Users\saira\flutter\bin;D:\Antigravity\bin
USERNAME=saira
OS=Windows_NT
PROCESSOR_IDENTIFIER=Intel64 Family 6 Model 170 Stepping 4, GenuineIntel
TMP=C:\Users\saira\AppData\Local\Temp
TEMP=C:\Users\saira\AppData\Local\Temp




Periodic native trim disabled

---------------  S Y S T E M  ---------------

OS:
 Windows 11 , 64 bit Build 26100 (10.0.26100.7309)
OS uptime: 12 days 15:20 hours
Hyper-V role detected

CPU: total 14 (initial active 14) (7 cores per cpu, 2 threads per core) family 6 model 170 stepping 4 microcode 0x24, cx8, cmov, fxsr, ht, mmx, 3dnowpref, sse, sse2, sse3, ssse3, sse4.1, sse4.2, popcnt, lzcnt, tsc, tscinvbit, avx, avx2, aes, erms, clmul, bmi1, bmi2, adx, sha, fma, vzeroupper, clflush, clflushopt, clwb, hv, serialize, rdtscp, rdpid, fsrm, f16c, cet_ibt, cet_ss
Processor Information for processor 0
  Max Mhz: 1300, Current Mhz: 1300, Mhz Limit: 1300
Processor Information for processor 1
  Max Mhz: 1300, Current Mhz: 1300, Mhz Limit: 1300
Processor Information for processor 2
  Max Mhz: 3600, Current Mhz: 800, Mhz Limit: 792
Processor Information for processor 3
  Max Mhz: 3600, Current Mhz: 800, Mhz Limit: 792
Processor Information for processor 4
  Max Mhz: 3600, Current Mhz: 800, Mhz Limit: 792
Processor Information for processor 5
  Max Mhz: 3600, Current Mhz: 800, Mhz Limit: 792
Processor Information for processor 6
  Max Mhz: 3600, Current Mhz: 800, Mhz Limit: 792
Processor Information for processor 7
  Max Mhz: 3600, Current Mhz: 800, Mhz Limit: 792
Processor Information for processor 8
  Max Mhz: 3600, Current Mhz: 800, Mhz Limit: 792
Processor Information for processor 9
  Max Mhz: 3600, Current Mhz: 800, Mhz Limit: 792
Processor Information for processor 10
  Max Mhz: 1300, Current Mhz: 1300, Mhz Limit: 1300
Processor Information for processor 11
  Max Mhz: 1300, Current Mhz: 1300, Mhz Limit: 1300
Processor Information for processor 12
  Max Mhz: 2100, Current Mhz: 700, Mhz Limit: 693
Processor Information for processor 13
  Max Mhz: 2100, Current Mhz: 700, Mhz Limit: 693

Memory: 4k page, system-wide physical 15819M (993M free)
TotalPageFile size 38122M (AvailPageFile size 290M)
current process WorkingSet (physical memory assigned to process): 119M, peak: 120M
current process commit charge ("private bytes"): 267M, peak: 268M

vm_info: OpenJDK 64-Bit Server VM (21.0.9+10-LTS) for windows-amd64 JRE (21.0.9+10-LTS), built on 2025-10-21T00:00:00Z by "admin" with unknown MS VC++:1942

END.
